<?xml version="1.0" encoding="UTF-8"?>
<testsuite xmlns:xsi="http://www.w3.org/2001/XMLSchema-instance" xsi:noNamespaceSchemaLocation="https://maven.apache.org/surefire/maven-surefire-plugin/xsd/surefire-test-report-3.0.xsd" version="3.0" name="stepdefinitions.TestRunner" time="40.342" tests="1" errors="0" skipped="0" failures="1">
  <properties>
[...]
</properties>
  <testcase name="Login Failure Scenario using test data as parameter" classname="Login Feature" time="35.921">
    <failure message="expected:&lt;[]he email address or ...&gt; but was:&lt;[T]he email address or ...&gt;" type="org.junit.ComparisonFailure"><![CDATA[org.junit.ComparisonFailure: expected:<[]he email address or ...> but was:<[T]he email address or ...>
	at org.junit.Assert.assertEquals(Assert.java:117)
	at org.junit.Assert.assertEquals(Assert.java:146)
	at stepdefinitions.LoginStepDefinition.i_should_be_able_to_see_the_error_message(LoginStepDefinition.java:76)
	at ✽.I should be able to see the error message "he email address or password you have entered is invalid"(file:///C:/Users/Rosh-Hany/eclipse-workspace/CucumberProject/src/test/java/features/Login.feature:20)
]]></failure>
    <system-out><![CDATA[
@login @sanity
Scenario: Login Failure Scenario using test data as parameter                                               # src/test/java/features/Login.feature:16
  Given I have launched the simplilearn application                                                         # stepdefinitions.LoginStepDefinition.i_have_launched_the_simplilearn_application()
  When I click on the Login Link                                                                            # stepdefinitions.LoginStepDefinition.i_click_on_the_Login_Link()
  And I enter the Username "abc@xyz.com"                                                                    # stepdefinitions.LoginStepDefinition.i_enter_the_Username(java.lang.String)
  And I enter the Password "Abc@12345"                                                                      # stepdefinitions.LoginStepDefinition.i_enter_the_Password(java.lang.String)
  And I click on the Login button                                                                           # stepdefinitions.LoginStepDefinition.i_click_on_the_Login_button()
  Then I should be able to see the error message "he email address or password you have entered is invalid" # stepdefinitions.LoginStepDefinition.i_should_be_able_to_see_the_error_message(java.lang.String)
      org.junit.ComparisonFailure: expected:<[]he email address or ...> but was:<[T]he email address or ...>
	at org.junit.Assert.assertEquals(Assert.java:117)
	at org.junit.Assert.assertEquals(Assert.java:146)
	at stepdefinitions.LoginStepDefinition.i_should_be_able_to_see_the_error_message(LoginStepDefinition.java:76)
	at ✽.I should be able to see the error message "he email address or password you have entered is invalid"(file:///C:/Users/Rosh-Hany/eclipse-workspace/CucumberProject/src/test/java/features/Login.feature:20)


    Embedding screenshot [image/png 734634 bytes]

]]></system-out>
    <system-err><![CDATA[Jun 14, 2025 7:47:49 PM io.cucumber.junit.Cucumber <init>
WARNING: By default Cucumber is running in --non-strict mode.
This default will change to --strict and --non-strict will be removed.
You can use --strict or @CucumberOptions(strict = true) to suppress this warning
Jun 14, 2025 7:48:11 PM org.openqa.selenium.devtools.CdpVersionFinder findNearestMatch
WARNING: Unable to find CDP implementation matching 137
Jun 14, 2025 7:48:11 PM org.openqa.selenium.chromium.ChromiumDriver lambda$new$5
WARNING: Unable to find version of CDP to use for 137.0.7151.104. You may need to include a dependency on a specific version of the CDP using something similar to `org.seleniumhq.selenium:selenium-devtools-v86:4.21.0` where the version ("v86") matches the version of the chromium-based browser you're using and the version number of the artifact is the same as Selenium's.
]]></system-err>
  </testcase>
</testsuite>